This is pdfTeX, Version 3.141592653-2.6-1.40.24 (MiKTeX 22.10 Portable) (preloaded format=pdflatex 2023.3.9)  10 MAR 2023 14:34
entering extended mode
 restricted \write18 enabled.
 file:line:error style messages enabled.
 %&-line parsing enabled.
**./Report.tex
(Report.tex
LaTeX2e <2022-06-01> patch level 5
L3 programming layer <2022-09-28>
(C:\Users\woloz\scoop\apps\miktex\current\texmfs\install\tex/latex/base\article
.cls
Document Class: article 2021/10/04 v1.4n Standard LaTeX document class

(C:\Users\woloz\scoop\apps\miktex\current\texmfs\install\tex/latex/base\size10.
clo
File: size10.clo 2021/10/04 v1.4n Standard LaTeX file (size option)
)
\c@part=\count185
\c@section=\count186
\c@subsection=\count187
\c@subsubsection=\count188
\c@paragraph=\count189
\c@subparagraph=\count190
\c@figure=\count191
\c@table=\count192
\abovecaptionskip=\skip47
\belowcaptionskip=\skip48
\bibindent=\dimen138
)
(C:\Users\woloz\scoop\apps\miktex\current\texmfs\install\tex/latex/base\inputen
c.sty
Package: inputenc 2021/02/14 v1.3d Input encoding file
\inpenc@prehook=\toks16
\inpenc@posthook=\toks17
)
(C:\Users\woloz\scoop\apps\miktex\current\texmfs\install\tex/latex/base\fontenc
.sty
Package: fontenc 2021/04/29 v2.0v Standard LaTeX package
)
(C:\Users\woloz\scoop\apps\miktex\current\texmfs\install\tex/latex/amsmath\amsm
ath.sty
Package: amsmath 2022/04/08 v2.17n AMS math features
\@mathmargin=\skip49

For additional information on amsmath, use the `?' option.

(C:\Users\woloz\scoop\apps\miktex\current\texmfs\install\tex/latex/amsmath\amst
ext.sty
Package: amstext 2021/08/26 v2.01 AMS text

(C:\Users\woloz\scoop\apps\miktex\current\texmfs\install\tex/latex/amsmath\amsg
en.sty
File: amsgen.sty 1999/11/30 v2.0 generic functions
\@emptytoks=\toks18
\ex@=\dimen139
))
(C:\Users\woloz\scoop\apps\miktex\current\texmfs\install\tex/latex/amsmath\amsb
sy.sty
Package: amsbsy 1999/11/29 v1.2d Bold Symbols
\pmbraise@=\dimen140
)
(C:\Users\woloz\scoop\apps\miktex\current\texmfs\install\tex/latex/amsmath\amso
pn.sty
Package: amsopn 2022/04/08 v2.04 operator names
)
\inf@bad=\count193
LaTeX Info: Redefining \frac on input line 234.
\uproot@=\count194
\leftroot@=\count195
LaTeX Info: Redefining \overline on input line 399.
LaTeX Info: Redefining \colon on input line 410.
\classnum@=\count196
\DOTSCASE@=\count197
LaTeX Info: Redefining \ldots on input line 496.
LaTeX Info: Redefining \dots on input line 499.
LaTeX Info: Redefining \cdots on input line 620.
\Mathstrutbox@=\box51
\strutbox@=\box52
LaTeX Info: Redefining \big on input line 722.
LaTeX Info: Redefining \Big on input line 723.
LaTeX Info: Redefining \bigg on input line 724.
LaTeX Info: Redefining \Bigg on input line 725.
\big@size=\dimen141
LaTeX Font Info:    Redeclaring font encoding OML on input line 743.
LaTeX Font Info:    Redeclaring font encoding OMS on input line 744.
\macc@depth=\count198
LaTeX Info: Redefining \bmod on input line 905.
LaTeX Info: Redefining \pmod on input line 910.
LaTeX Info: Redefining \smash on input line 940.
LaTeX Info: Redefining \relbar on input line 970.
LaTeX Info: Redefining \Relbar on input line 971.
\c@MaxMatrixCols=\count199
\dotsspace@=\muskip16
\c@parentequation=\count266
\dspbrk@lvl=\count267
\tag@help=\toks19
\row@=\count268
\column@=\count269
\maxfields@=\count270
\andhelp@=\toks20
\eqnshift@=\dimen142
\alignsep@=\dimen143
\tagshift@=\dimen144
\tagwidth@=\dimen145
\totwidth@=\dimen146
\lineht@=\dimen147
\@envbody=\toks21
\multlinegap=\skip50
\multlinetaggap=\skip51
\mathdisplay@stack=\toks22
LaTeX Info: Redefining \[ on input line 2953.
LaTeX Info: Redefining \] on input line 2954.
)
(C:\Users\woloz\scoop\apps\miktex\current\texmfs\install\tex/latex/listings\lis
tings.sty
(C:\Users\woloz\scoop\apps\miktex\current\texmfs\install\tex/latex/graphics\key
val.sty
Package: keyval 2022/05/29 v1.15 key=value parser (DPC)
\KV@toks@=\toks23
)
\lst@mode=\count271
\lst@gtempboxa=\box53
\lst@token=\toks24
\lst@length=\count272
\lst@currlwidth=\dimen148
\lst@column=\count273
\lst@pos=\count274
\lst@lostspace=\dimen149
\lst@width=\dimen150
\lst@newlines=\count275
\lst@lineno=\count276
\lst@maxwidth=\dimen151

(C:\Users\woloz\scoop\apps\miktex\current\texmfs\install\tex/latex/listings\lst
misc.sty
File: lstmisc.sty 2020/03/24 1.8d (Carsten Heinz)
\c@lstnumber=\count277
\lst@skipnumbers=\count278
\lst@framebox=\box54
)
(C:\Users\woloz\scoop\apps\miktex\current\texmfs\install\tex/latex/listings\lis
tings.cfg
File: listings.cfg 2020/03/24 1.8d listings configuration
))
Package: listings 2020/03/24 1.8d (Carsten Heinz)

(C:\Users\woloz\scoop\apps\miktex\current\texmfs\install\tex/latex/l3backend\l3
backend-pdftex.def
File: l3backend-pdftex.def 2022-09-28 L3 backend support: PDF output (pdfTeX)
\l__color_backend_stack_int=\count279
\l__pdf_internal_box=\box55
) (C:/Users\woloz\CPE-Algorithmie\out\Report.aux)
\openout1 = `Report.aux'.

LaTeX Font Info:    Checking defaults for OML/cmm/m/it on input line 14.
LaTeX Font Info:    ... okay on input line 14.
LaTeX Font Info:    Checking defaults for OMS/cmsy/m/n on input line 14.
LaTeX Font Info:    ... okay on input line 14.
LaTeX Font Info:    Checking defaults for OT1/cmr/m/n on input line 14.
LaTeX Font Info:    ... okay on input line 14.
LaTeX Font Info:    Checking defaults for T1/cmr/m/n on input line 14.
LaTeX Font Info:    ... okay on input line 14.
LaTeX Font Info:    Checking defaults for TS1/cmr/m/n on input line 14.
LaTeX Font Info:    ... okay on input line 14.
LaTeX Font Info:    Checking defaults for OMX/cmex/m/n on input line 14.
LaTeX Font Info:    ... okay on input line 14.
LaTeX Font Info:    Checking defaults for U/cmr/m/n on input line 14.
LaTeX Font Info:    ... okay on input line 14.
\c@lstlisting=\count280

(C:/Users\woloz\CPE-Algorithmie\out\Report.toc)
\tf@toc=\write3
\openout3 = `Report.toc'.

 [1

{C:/Users/woloz/scoop/apps/miktex/current/texmfs/data/fonts/map/pdftex/pdftex.m
ap}]
Overfull \hbox (9.9411pt too wide) in paragraph at lines 22--28
\T1/cmr/m/n/10 L'utilisation de struc-tures de don-nées ef-fi-caces est un élé-
ment clé dans le développe-
 []

[2]
LaTeX Font Info:    Trying to load font information for T1+cmtt on input line 5
5.

(C:\Users\woloz\scoop\apps\miktex\current\texmfs\install\tex/latex/base\t1cmtt.
fd
File: t1cmtt.fd 2019/12/16 v2.5j Standard LaTeX font definitions
)
Overfull \hbox (9.58621pt too wide) in paragraph at lines 55--56
[]\T1/cmtt/m/n/10 init(taille_table, fonction_hachage, type_rehachage) \T1/cmr/
m/n/10 - cette méth-
 []

[3] [4]
Overfull \hbox (0.52673pt too wide) in paragraph at lines 96--97
\T1/cmr/m/n/10 no-tam-ment \T1/cmtt/m/n/10 insert\T1/cmr/m/n/10 , \T1/cmtt/m/n/
10 delete\T1/cmr/m/n/10 , \T1/cmtt/m/n/10 exist\T1/cmr/m/n/10 , \T1/cmtt/m/n/10
 value\T1/cmr/m/n/10 , \T1/cmtt/m/n/10 union\T1/cmr/m/n/10 , \T1/cmtt/m/n/10 in
tersection \T1/cmr/m/n/10 et \T1/cmtt/m/n/10 affichage\T1/cmr/m/n/10 . 
 []


LaTeX Warning: Reference `subsec:code' on page 5 undefined on input line 133.


(C:\Users\woloz\scoop\apps\miktex\current\texmfs\install\tex/latex/listings\lst
lang1.sty
File: lstlang1.sty 2020/03/24 1.8d listings language file
) [5]
Overfull \hbox (8.91628pt too wide) in paragraph at lines 160--161
[][][][][][][][][][][][][][][][][][] 
 []

[6] [7] [8]
Overfull \hbox (50.90634pt too wide) in paragraph at lines 273--274
[][][][][][][][][][][][][][][][][][][][][][][][][][] 
 []


Overfull \hbox (44.90776pt too wide) in paragraph at lines 277--278
[][][][][][][][][][][][][][][][][][][][][][][][][][] 
 []


Overfull \hbox (44.90776pt too wide) in paragraph at lines 280--281
[][][][][][][][][][][][][][][][][][][][][][][][][][] 
 []


Overfull \hbox (110.89215pt too wide) in paragraph at lines 282--284
[][][][][][][][][][][][][][][][][][][][][] 
 []


Overfull \hbox (74.90067pt too wide) in paragraph at lines 284--285
[][][][][][][][][][][][][][][][][][][][][][][][][][][][] 
 []


Overfull \hbox (74.90067pt too wide) in paragraph at lines 287--289
[][][][][][][][][][][][][][][][][][][][] 
 []


Overfull \hbox (62.9035pt too wide) in paragraph at lines 289--290
[][][][][][][][][][][][][][][][][][][][][][][][][][][][] 
 []

[9]
Overfull \hbox (92.89641pt too wide) in paragraph at lines 316--317
[][][][][][][][][][][][][][][][][][][][][][][][][][][][][][] 
 []


Overfull \hbox (86.89783pt too wide) in paragraph at lines 334--335
[][][][][][][][][][][][][][][][][][][][][][][][][][][][] 
 []

[10]
Overfull \hbox (14.91486pt too wide) in paragraph at lines 399--400
[][][][][][][][][][][][][][][][][][] 
 []

[11]
Overfull \hbox (14.91486pt too wide) in paragraph at lines 408--410
[][][][][][][][][][][][][][][][][][][][][][][][][] 
 []


Overfull \hbox (32.9106pt too wide) in paragraph at lines 429--430
[][][][][][][][][][][][][][] 
 []


Overfull \hbox (32.9106pt too wide) in paragraph at lines 430--431
[][][][][][][][][][][][][][] 
 []


Overfull \hbox (2.9177pt too wide) in paragraph at lines 432--433
[][][][][][][][][][][][][][][] 
 []


Overfull \hbox (26.91202pt too wide) in paragraph at lines 437--439
[][][][][][][][][][][][][][][][][][][][][] 
 []

[12]
Overfull \hbox (32.9106pt too wide) in paragraph at lines 456--457
[][][][][][][][][][][][][][][][] 
 []


Overfull \hbox (20.91344pt too wide) in paragraph at lines 483--484
[][][][][][][][][][][][][][][][][][][][][][] 
 []

[13]
Overfull \hbox (20.91344pt too wide) in paragraph at lines 503--504
[][][][][][][][][][][][][][][][][][][][][][] 
 []


Overfull \hbox (26.91202pt too wide) in paragraph at lines 523--524
[][][][][][][][][][][][][][][][][][][][][][] 
 []

[14] (C:/Users\woloz\CPE-Algorithmie\out\Report.aux)

LaTeX Warning: There were undefined references.


LaTeX Warning: Label(s) may have changed. Rerun to get cross-references right.

 ) 
Here is how much of TeX's memory you used:
 3385 strings out of 475385
 48339 string characters out of 2771698
 627274 words of memory out of 3000000
 24777 multiletter control sequences out of 15000+600000
 480224 words of font info for 53 fonts, out of 8000000 for 9000
 1141 hyphenation exceptions out of 8191
 54i,6n,62p,409b,1775s stack positions out of 10000i,1000n,20000p,200000b,80000s
 <C:\Users\woloz\scoop\apps\miktex\current\texmfs/data\fonts/pk/ljfour/jknapp
en/ec/dpi600\tcti1000.pk> <C:\Users\woloz\scoop\apps\miktex\current\texmfs/data
\fonts/pk/ljfour/jknappen/ec/dpi600\ecti1000.pk> <C:\Users\woloz\scoop\apps\mik
tex\current\texmfs/data\fonts/pk/ljfour/jknappen/ec/dpi600\ecbx1200.pk> <C:\Use
rs\woloz\scoop\apps\miktex\current\texmfs/data\fonts/pk/ljfour/jknappen/ec/dpi6
00\ectt1000.pk> <C:\Users\woloz\scoop\apps\miktex\current\texmfs/data\fonts/pk/
ljfour/jknappen/ec/dpi600\tcrm1000.pk> <C:\Users\woloz\scoop\apps\miktex\curren
t\texmfs/data\fonts/pk/ljfour/jknappen/ec/dpi600\ecrm1000.pk> <C:\Users\woloz\s
coop\apps\miktex\current\texmfs/data\fonts/pk/ljfour/jknappen/ec/dpi600\ecbx100
0.pk> <C:\Users\woloz\scoop\apps\miktex\current\texmfs/data\fonts/pk/ljfour/jkn
appen/ec/dpi600\ecbx1440.pk> <C:\Users\woloz\scoop\apps\miktex\current\texmfs/d
ata\fonts/pk/ljfour/jknappen/ec/dpi600\ecrm1200.pk> <C:\Users\woloz\scoop\apps\
miktex\current\texmfs/data\fonts/pk/ljfour/jknappen/ec/dpi600\ecrm1728.pk>
Output written on C:/Users\woloz\CPE-Algorithmie\out\Report.pdf (14 pages, 1369
12 bytes).
PDF statistics:
 391 PDF objects out of 1000 (max. 8388607)
 0 named destinations out of 1000 (max. 500000)
 1 words of extra memory for PDF output out of 10000 (max. 10000000)

